<?xml version="1.0" encoding="UTF-8"?>
<testng-results skipped="0" failed="0" ignored="0" total="1" passed="1">
  <reporter-output>
  </reporter-output>
  <suite name="Default suite" duration-ms="137918" started-at="2018-07-04T11:43:00Z" finished-at="2018-07-04T11:45:18Z">
    <groups>
    </groups>
    <test name="Default test" duration-ms="137918" started-at="2018-07-04T11:43:00Z" finished-at="2018-07-04T11:45:18Z">
      <class name="roughwork.Rough_Testng">
        <test-method status="PASS" signature="main()[pri:0, instance:roughwork.Rough_Testng@4c178a76]" name="main" duration-ms="137861" started-at="2018-07-04T11:43:00Z" finished-at="2018-07-04T11:45:17Z">
          <reporter-output>
          </reporter-output>
        </test-method> <!-- main -->
        <test-method status="PASS" signature="afterMethod()[pri:0, instance:roughwork.Rough_Testng@4c178a76]" name="afterMethod" is-config="true" duration-ms="2" started-at="2018-07-04T11:45:18Z" finished-at="2018-07-04T11:45:18Z">
          <reporter-output>
          </reporter-output>
        </test-method> <!-- afterMethod -->
      </class> <!-- roughwork.Rough_Testng -->
    </test> <!-- Default test -->
  </suite> <!-- Default suite -->
</testng-results>
